<?xml version="1.0" encoding="UTF-8"?>
<!-- Generated by org.testng.reporters.JUnitXMLReporter -->
<testsuite hostname="anandakumar" ignored="0" name="Test" tests="1" failures="1" timestamp="05 Feb 2018 16:17:17 GMT" time="0.026" errors="0">
  <testcase name="chromebrowserlaunch" time="0.0" classname="com.selenium.diffbrowsers.TestCase01PersonalLoanEmi">
    <failure type="org.testng.TestNGException" message="
Some DataProvider public static java.lang.String[][] com.selenium.diffbrowsers.DataInputProvider.getSheet(java.lang.String) parameters unresolved:  at 0 type class java.lang.String
">
      <![CDATA[org.testng.TestNGException: Some DataProvider public static java.lang.String[][] com.selenium.diffbrowsers.DataInputProvider.getSheet(java.lang.String) parameters unresolved:  at 0 type class java.lang.String... Removed 23 stack frames]]>
    </failure>
  </testcase> <!-- chromebrowserlaunch -->
</testsuite> <!-- Test -->
