<?xml version="1.0" encoding="UTF-8"?>
<testng-results skipped="0" failed="0" ignored="0" total="1" passed="1">
  <reporter-output>
  </reporter-output>
  <suite name="Default suite" duration-ms="39" started-at="2018-04-26T04:15:08Z" finished-at="2018-04-26T04:15:08Z">
    <groups>
    </groups>
    <test name="Default test" duration-ms="39" started-at="2018-04-26T04:15:08Z" finished-at="2018-04-26T04:15:08Z">
      <class name="com.selenium.diffbrowsers.Regularexpressiondemo">
        <test-method status="PASS" signature="regdemo()[pri:0, instance:com.selenium.diffbrowsers.Regularexpressiondemo@7a3d45bd]" name="regdemo" duration-ms="12" started-at="2018-04-26T04:15:08Z" finished-at="2018-04-26T04:15:08Z">
          <reporter-output>
          </reporter-output>
        </test-method> <!-- regdemo -->
      </class> <!-- com.selenium.diffbrowsers.Regularexpressiondemo -->
    </test> <!-- Default test -->
  </suite> <!-- Default suite -->
</testng-results>
